Arguments: 
  /usr/local/bin/node /usr/local/bin/yarn add webpack --dev

PATH: 
  /usr/local/bin:/usr/bin:/bin:/usr/sbin:/sbin:/Applications/Wireshark.app/Contents/MacOS

Yarn version: 
  1.13.0

Node version: 
  10.15.3

Platform: 
  darwin x64

Trace: 
  Error: EACCES: permission denied, mkdir '/Users/clementlaselva/Documents/Serviceworker/node_modules/abbrev'

npm manifest: 
  {
    "name": "serviceworker",
    "version": "1.0.0",
    "description": "",
    "main": "index.js",
    "scripts": {
      "test": "echo \"Error: no test specified\" && exit 1",
      "build": "webpack",
      "start": "http-server dist"
    },
    "repository": {
      "type": "git",
      "url": "git+https://github.com/kizikx/Serviceworker.git"
    },
    "author": "",
    "license": "ISC",
    "bugs": {
      "url": "https://github.com/kizikx/Serviceworker/issues"
    },
    "homepage": "https://github.com/kizikx/Serviceworker#readme",
    "devDependencies": {}
  }

yarn manifest: 
  No manifest

Lockfile: 
  No lockfile
